2024-10-16 20:17:01,152 INFO:main.py:240:print_splash_screen:PDB2PQR v3.6.2: biomolecular structure conversion software.
2024-10-16 20:17:01,153 INFO:main.py:242:print_splash_screen:Please cite:  Jurrus E, et al.  Improvements to the APBS biomolecular solvation software suite.  Protein Sci 27 112-128 (2018).
2024-10-16 20:17:01,153 INFO:main.py:242:print_splash_screen:Please cite:  Dolinsky TJ, et al.  PDB2PQR: expanding and upgrading automated preparation of biomolecular structures for molecular simulations. Nucleic Acids Res 35 W522-W525 (2007).
2024-10-16 20:17:01,153 INFO:main.py:768:main_driver:Checking and transforming input arguments.
2024-10-16 20:17:01,161 INFO:main.py:772:main_driver:Loading topology files.
2024-10-16 20:17:01,244 INFO:main.py:774:main_driver:Loading molecule: docking/protein/protein_3ktr.pdb
2024-10-16 20:17:01,262 ERROR:pdb.py:2584:read_pdb:Error parsing line: invalid literal for int() with base 10: ''
2024-10-16 20:17:01,262 ERROR:pdb.py:2585:read_pdb:<REMARK     2>
2024-10-16 20:17:01,262 ERROR:pdb.py:2586:read_pdb:Truncating remaining errors for record type:REMARK
2024-10-16 20:17:01,268 WARNING:io.py:468:get_molecule:Warning: docking\protein\protein_3ktr.pdb is a non-standard PDB file.

2024-10-16 20:17:01,268 ERROR:io.py:469:get_molecule:['REMARK']
2024-10-16 20:17:01,269 INFO:main.py:779:main_driver:Setting up molecule.
2024-10-16 20:17:01,273 INFO:main.py:417:setup_molecule:Created biomolecule object with 81 residues and 610 atoms.
2024-10-16 20:17:01,273 WARNING:main.py:427:setup_molecule:Multiple occupancies found: CA in LEU A 585.
2024-10-16 20:17:01,273 WARNING:main.py:427:setup_molecule:Multiple occupancies found: CB in LEU A 585.
2024-10-16 20:17:01,273 WARNING:main.py:427:setup_molecule:Multiple occupancies found: CG in LEU A 585.
2024-10-16 20:17:01,273 WARNING:main.py:427:setup_molecule:Multiple occupancies found: CD1 in LEU A 585.
2024-10-16 20:17:01,273 WARNING:main.py:427:setup_molecule:Multiple occupancies found: CD2 in LEU A 585.
2024-10-16 20:17:01,273 WARNING:main.py:433:setup_molecule:Multiple occupancies found in LEU A 585. At least one of the instances is being ignored.
2024-10-16 20:17:01,273 WARNING:main.py:427:setup_molecule:Multiple occupancies found: CA in SER A 602.
2024-10-16 20:17:01,273 WARNING:main.py:427:setup_molecule:Multiple occupancies found: CB in SER A 602.
2024-10-16 20:17:01,273 WARNING:main.py:427:setup_molecule:Multiple occupancies found: OG in SER A 602.
2024-10-16 20:17:01,273 WARNING:main.py:433:setup_molecule:Multiple occupancies found in SER A 602. At least one of the instances is being ignored.
2024-10-16 20:17:01,274 INFO:main.py:783:main_driver:Setting termini states for biomolecule chains.
2024-10-16 20:17:01,277 INFO:main.py:613:non_trivial:Loading forcefield.
2024-10-16 20:17:01,298 INFO:main.py:617:non_trivial:Loading hydrogen topology definitions.
2024-10-16 20:17:01,301 WARNING:biomolecule.py:157:num_missing_heavy:Missing atom OXT in residue ALA A 623
2024-10-16 20:17:01,302 WARNING:biomolecule.py:157:num_missing_heavy:Missing atom OXT in residue ALA A 623
2024-10-16 20:17:01,302 INFO:main.py:627:non_trivial:Attempting to repair 1 missing atoms in biomolecule.
2024-10-16 20:17:01,302 WARNING:biomolecule.py:157:num_missing_heavy:Missing atom OXT in residue ALA A 623
2024-10-16 20:17:01,304 INFO:biomolecule.py:1077:repair_heavy:Added atom OXT to residue ALA A 623 at coordinates -15.253, 24.637, 17.828
2024-10-16 20:17:01,304 INFO:main.py:632:non_trivial:Updating disulfide bridges.
2024-10-16 20:17:01,304 INFO:main.py:635:non_trivial:Debumping biomolecule.
2024-10-16 20:17:01,330 INFO:main.py:658:non_trivial:Adding hydrogens to biomolecule.
2024-10-16 20:17:01,412 INFO:main.py:661:non_trivial:Debumping biomolecule (again).
2024-10-16 20:17:01,517 INFO:main.py:663:non_trivial:Optimizing hydrogen bonds
2024-10-16 20:17:01,613 INFO:main.py:675:non_trivial:Applying force field to biomolecule states.
2024-10-16 20:17:01,614 INFO:main.py:722:non_trivial:Regenerating headers.
2024-10-16 20:17:01,616 INFO:main.py:747:non_trivial:Regenerating PDB lines.
2024-10-16 20:17:01,634 WARNING:main.py:320:print_pqr:Ignoring 391 header lines in output.
2024-10-16 20:17:01,652 WARNING:main.py:363:print_pdb:Ignoring 391 header lines in output.
